<?xml version="1.0" ?>
<!DOCTYPE coverage SYSTEM "http://cobertura.sourceforge.net/xml/coverage-04.dtd">
<coverage lines-valid="28"  lines-covered="28"  line-rate="1"  branches-valid="28"  branches-covered="25"  branch-rate="0.8929"  timestamp="1453185171057" complexity="0" version="0.1">
<sources>
	<source>E:\CAST_AMEX\GABM\jasmine\jsdevenv-jasmine-master</source>
</sources>
<packages>
	<package name="util"  line-rate="1"  branch-rate="0.8929" >
	<classes>
		<class name="passwordEvaluator.js"  filename="src\js\util\passwordEvaluator.js"  line-rate="1"  branch-rate="0.8845999999999999" >
		<methods>
			<method name="(anonymous_1)"  hits="1"  signature="()V" >
				<lines><line number="2"  hits="1" /></lines>
			</method>
			<method name="(anonymous_2)"  hits="7"  signature="()V" >
				<lines><line number="6"  hits="7" /></lines>
			</method>
		</methods>
		<lines>
			<line number="2"  hits="1"  branch="false" />
			<line number="5"  hits="1"  branch="false" />
			<line number="7"  hits="7"  branch="false" />
			<line number="8"  hits="7"  branch="true"  condition-coverage="100% (2/2)" />
			<line number="9"  hits="2"  branch="false" />
			<line number="11"  hits="7"  branch="true"  condition-coverage="100% (2/2)" />
			<line number="12"  hits="2"  branch="false" />
			<line number="14"  hits="7"  branch="true"  condition-coverage="100% (2/2)" />
			<line number="15"  hits="7"  branch="true"  condition-coverage="50% (1/2)" />
			<line number="16"  hits="7"  branch="false" />
			<line number="17"  hits="7"  branch="false" />
			<line number="18"  hits="7"  branch="true"  condition-coverage="100% (2/2)" />
			<line number="19"  hits="7"  branch="true"  condition-coverage="50% (1/2)" />
			<line number="20"  hits="7"  branch="true"  condition-coverage="100% (2/2)" />
			<line number="21"  hits="7"  branch="true"  condition-coverage="100% (2/2)" />
			<line number="22"  hits="3"  branch="false" />
			<line number="24"  hits="7"  branch="true"  condition-coverage="100% (2/2)" />
			<line number="25"  hits="2"  branch="false" />
			<line number="27"  hits="7"  branch="true"  condition-coverage="50% (1/2)" />
			<line number="28"  hits="7"  branch="true"  condition-coverage="100% (2/2)" />
			<line number="29"  hits="7"  branch="true"  condition-coverage="100% (4/4)" />
			<line number="30"  hits="2"  branch="false" />
			<line number="32"  hits="7"  branch="false" />
		</lines>
		</class>
		<class name="random.js"  filename="src\js\util\random.js"  line-rate="1"  branch-rate="1" >
		<methods>
			<method name="(anonymous_1)"  hits="1"  signature="()V" >
				<lines><line number="2"  hits="1" /></lines>
			</method>
			<method name="(anonymous_2)"  hits="3"  signature="()V" >
				<lines><line number="5"  hits="3" /></lines>
			</method>
		</methods>
		<lines>
			<line number="2"  hits="1"  branch="false" />
			<line number="5"  hits="1"  branch="false" />
			<line number="6"  hits="3"  branch="true"  condition-coverage="100% (2/2)" />
			<line number="7"  hits="1"  branch="false" />
			<line number="9"  hits="2"  branch="false" />
		</lines>
		</class>
	</classes>
	</package>
</packages>
</coverage>
